<?xml version="1.0" encoding="UTF-8"?>
<!-- Generated by org.testng.reporters.JUnitReportReporter -->
<testsuite hostname="IBM-CBQ8QM3" name="day1.restday2" tests="5" failures="0" timestamp="1 Jul 2022 11:37:31 GMT" time="9.199" errors="0">
  <testcase name="getUser" time="1.410" classname="day1.restday2"/>
  <testcase name="UpdateUser" time="1.428" classname="day1.restday2"/>
  <testcase name="testcase1" time="3.581" classname="day1.restday2"/>
  <testcase name="LoginUser" time="1.398" classname="day1.restday2"/>
  <testcase name="deleteUser" time="1.382" classname="day1.restday2"/>
</testsuite> <!-- day1.restday2 -->
