<?xml version="1.0" encoding="UTF-8"?>
<!-- Generated by org.testng.reporters.JUnitReportReporter -->
<testsuite hostname="IBM-CBQ8QM3" name="ibmtest.restassured.App" tests="1" failures="0" timestamp="30 Jun 2022 09:06:07 GMT" time="0.020" errors="0">
  <testcase name="first" time="0.020" classname="ibmtest.restassured.App"/>
</testsuite> <!-- ibmtest.restassured.App -->
