<?xml version="1.0" encoding="UTF-8"?>
<!-- Generated by org.testng.reporters.JUnitReportReporter -->
<testsuite hostname="IBM-CBQ8QM3" name="day1.restday1" tests="1" failures="0" timestamp="30 Jun 2022 10:55:37 GMT" time="1.350" errors="0">
  <testcase name="second" time="1.350" classname="day1.restday1"/>
</testsuite> <!-- day1.restday1 -->
